

*******************************************************************************
Wed Nov 12 13:23:56 2025


FIT:    data read from 'Rg.dat' u 2:($3/bs)
        format = x:z
        #datapoints = 50001
        residuals are weighted equally (unit weight)

function used for fitting: l(x)
	l(x) = avRg
fitted parameters initialized with current variable values

iter      chisq       delta/lim  lambda   avRg         
   0 6.6556292098e+05   0.00e+00  1.00e+00    1.000000e+00
   2 2.0809807411e+04  -1.24e-03  1.00e-02    4.590934e+00

After 2 iterations the fit converged.
final sum of squares of residuals : 20809.8
rel. change during last iteration : -1.23923e-08

degrees of freedom    (FIT_NDF)                        : 50000
rms of residuals      (FIT_STDFIT) = sqrt(WSSR/ndf)    : 0.645133
variance of residuals (reduced chisquare) = WSSR/ndf   : 0.416196

Final set of parameters            Asymptotic Standard Error
=======================            ==========================
avRg            = 4.59093          +/- 0.002885     (0.06284%)
