

*******************************************************************************
Wed Nov 12 14:41:35 2025


FIT:    data read from 'Rg.dat' u 2:($3/bs)
        format = x:z
        #datapoints = 50001
        residuals are weighted equally (unit weight)

function used for fitting: l(x)
	l(x) = avRg
fitted parameters initialized with current variable values

iter      chisq       delta/lim  lambda   avRg         
   0 9.5673476776e+05   0.00e+00  1.00e+00    1.000000e+00
   2 1.1824950267e+04  -3.20e-03  1.00e-02    5.347162e+00

After 2 iterations the fit converged.
final sum of squares of residuals : 11825
rel. change during last iteration : -3.19607e-08

degrees of freedom    (FIT_NDF)                        : 50000
rms of residuals      (FIT_STDFIT) = sqrt(WSSR/ndf)    : 0.486312
variance of residuals (reduced chisquare) = WSSR/ndf   : 0.236499

Final set of parameters            Asymptotic Standard Error
=======================            ==========================
avRg            = 5.34716          +/- 0.002175     (0.04067%)
