

*******************************************************************************
Wed Nov 12 15:33:11 2025


FIT:    data read from 'Rg.dat' u 2:($3/bs)
        format = x:z
        #datapoints = 50001
        residuals are weighted equally (unit weight)

function used for fitting: l(x)
	l(x) = avRg
fitted parameters initialized with current variable values

iter      chisq       delta/lim  lambda   avRg         
   0 5.8900054030e+05   0.00e+00  1.00e+00    1.000000e+00
   2 2.2221801365e+04  -1.02e-03  1.00e-02    4.366801e+00

After 2 iterations the fit converged.
final sum of squares of residuals : 22221.8
rel. change during last iteration : -1.02014e-08

degrees of freedom    (FIT_NDF)                        : 50000
rms of residuals      (FIT_STDFIT) = sqrt(WSSR/ndf)    : 0.66666
variance of residuals (reduced chisquare) = WSSR/ndf   : 0.444436

Final set of parameters            Asymptotic Standard Error
=======================            ==========================
avRg            = 4.3668           +/- 0.002981     (0.06827%)
