

*******************************************************************************
Wed Nov 12 15:42:36 2025


FIT:    data read from 'Rg.dat' u 2:($3/bs)
        format = x:z
        #datapoints = 50001
        residuals are weighted equally (unit weight)

function used for fitting: l(x)
	l(x) = avRg
fitted parameters initialized with current variable values

iter      chisq       delta/lim  lambda   avRg         
   0 5.7702787581e+05   0.00e+00  1.00e+00    1.000000e+00
   2 2.0502540147e+04  -1.09e-03  1.00e-02    4.336208e+00

After 2 iterations the fit converged.
final sum of squares of residuals : 20502.5
rel. change during last iteration : -1.08568e-08

degrees of freedom    (FIT_NDF)                        : 50000
rms of residuals      (FIT_STDFIT) = sqrt(WSSR/ndf)    : 0.640352
variance of residuals (reduced chisquare) = WSSR/ndf   : 0.410051

Final set of parameters            Asymptotic Standard Error
=======================            ==========================
avRg            = 4.33621          +/- 0.002864     (0.06604%)
